<?xml version="1.0" encoding="UTF-8"?>
<testsuite xmlns:xsi="http://www.w3.org/2001/XMLSchema-instance" xsi:noNamespaceSchemaLocation="https://maven.apache.org/surefire/maven-surefire-plugin/xsd/surefire-test-report.xsd" name="com.manoelcampos.tdd.MathUtilMdcTest" time="0.035" tests="15" errors="0" skipped="0" failures="0">
  <properties>
    <property name="awt.toolkit" value="sun.awt.X11.XToolkit"/>
    <property name="java.specification.version" value="11"/>
    <property name="sun.cpu.isalist" value=""/>
    <property name="sun.jnu.encoding" value="UTF-8"/>
    <property name="java.class.path" value="/home/dan/github-projects/sistemas-distribuidos/implementar-MDC/target/test-classes:/home/dan/github-projects/sistemas-distribuidos/implementar-MDC/target/classes:/home/dan/.m2/repository/org/junit/jupiter/junit-jupiter/5.6.2/junit-jupiter-5.6.2.jar:/home/dan/.m2/repository/org/junit/jupiter/junit-jupiter-api/5.6.2/junit-jupiter-api-5.6.2.jar:/home/dan/.m2/repository/org/apiguardian/apiguardian-api/1.1.0/apiguardian-api-1.1.0.jar:/home/dan/.m2/repository/org/opentest4j/opentest4j/1.2.0/opentest4j-1.2.0.jar:/home/dan/.m2/repository/org/junit/platform/junit-platform-commons/1.6.2/junit-platform-commons-1.6.2.jar:/home/dan/.m2/repository/org/junit/jupiter/junit-jupiter-params/5.6.2/junit-jupiter-params-5.6.2.jar:/home/dan/.m2/repository/org/junit/jupiter/junit-jupiter-engine/5.6.2/junit-jupiter-engine-5.6.2.jar:/home/dan/.m2/repository/org/junit/platform/junit-platform-engine/1.6.2/junit-platform-engine-1.6.2.jar:"/>
    <property name="java.vm.vendor" value="Ubuntu"/>
    <property name="sun.arch.data.model" value="64"/>
    <property name="java.vendor.url" value="https://ubuntu.com/"/>
    <property name="user.timezone" value=""/>
    <property name="java.vm.specification.version" value="11"/>
    <property name="os.name" value="Linux"/>
    <property name="user.country" value="BR"/>
    <property name="sun.java.launcher" value="SUN_STANDARD"/>
    <property name="sun.boot.library.path" value="/usr/lib/jvm/java-11-openjdk-amd64/lib"/>
    <property name="sun.java.command" value="/home/dan/github-projects/sistemas-distribuidos/implementar-MDC/target/surefire/surefirebooter8294792360336657124.jar /home/dan/github-projects/sistemas-distribuidos/implementar-MDC/target/surefire 2020-05-03T16-23-37_522-jvmRun1 surefire17497926920478480010tmp surefire_03548558643437531771tmp"/>
    <property name="jdk.debug" value="release"/>
    <property name="surefire.test.class.path" value="/home/dan/github-projects/sistemas-distribuidos/implementar-MDC/target/test-classes:/home/dan/github-projects/sistemas-distribuidos/implementar-MDC/target/classes:/home/dan/.m2/repository/org/junit/jupiter/junit-jupiter/5.6.2/junit-jupiter-5.6.2.jar:/home/dan/.m2/repository/org/junit/jupiter/junit-jupiter-api/5.6.2/junit-jupiter-api-5.6.2.jar:/home/dan/.m2/repository/org/apiguardian/apiguardian-api/1.1.0/apiguardian-api-1.1.0.jar:/home/dan/.m2/repository/org/opentest4j/opentest4j/1.2.0/opentest4j-1.2.0.jar:/home/dan/.m2/repository/org/junit/platform/junit-platform-commons/1.6.2/junit-platform-commons-1.6.2.jar:/home/dan/.m2/repository/org/junit/jupiter/junit-jupiter-params/5.6.2/junit-jupiter-params-5.6.2.jar:/home/dan/.m2/repository/org/junit/jupiter/junit-jupiter-engine/5.6.2/junit-jupiter-engine-5.6.2.jar:/home/dan/.m2/repository/org/junit/platform/junit-platform-engine/1.6.2/junit-platform-engine-1.6.2.jar:"/>
    <property name="sun.cpu.endian" value="little"/>
    <property name="user.home" value="/home/dan"/>
    <property name="user.language" value="pt"/>
    <property name="java.specification.vendor" value="Oracle Corporation"/>
    <property name="java.version.date" value="2020-04-14"/>
    <property name="java.home" value="/usr/lib/jvm/java-11-openjdk-amd64"/>
    <property name="file.separator" value="/"/>
    <property name="basedir" value="/home/dan/github-projects/sistemas-distribuidos/implementar-MDC"/>
    <property name="java.vm.compressedOopsMode" value="32-bit"/>
    <property name="line.separator" value="&#10;"/>
    <property name="java.specification.name" value="Java Platform API Specification"/>
    <property name="java.vm.specification.vendor" value="Oracle Corporation"/>
    <property name="java.awt.graphicsenv" value="sun.awt.X11GraphicsEnvironment"/>
    <property name="surefire.real.class.path" value="/home/dan/github-projects/sistemas-distribuidos/implementar-MDC/target/surefire/surefirebooter8294792360336657124.jar"/>
    <property name="sun.management.compiler" value="HotSpot 64-Bit Tiered Compilers"/>
    <property name="java.runtime.version" value="11.0.7+10-post-Ubuntu-2ubuntu218.04"/>
    <property name="user.name" value="dan"/>
    <property name="path.separator" value=":"/>
    <property name="os.version" value="5.3.0-51-generic"/>
    <property name="java.runtime.name" value="OpenJDK Runtime Environment"/>
    <property name="file.encoding" value="UTF-8"/>
    <property name="java.vm.name" value="OpenJDK 64-Bit Server VM"/>
    <property name="maven.ext.class.path" value="/home/dan/Programas/netbeans/java/maven-nblib/netbeans-eventspy.jar"/>
    <property name="localRepository" value="/home/dan/.m2/repository"/>
    <property name="java.vendor.url.bug" value="https://bugs.launchpad.net/ubuntu/+source/openjdk-lts"/>
    <property name="java.io.tmpdir" value="/tmp"/>
    <property name="java.version" value="11.0.7"/>
    <property name="user.dir" value="/home/dan/github-projects/sistemas-distribuidos/implementar-MDC"/>
    <property name="os.arch" value="amd64"/>
    <property name="java.vm.specification.name" value="Java Virtual Machine Specification"/>
    <property name="java.awt.printerjob" value="sun.print.PSPrinterJob"/>
    <property name="sun.os.patch.level" value="unknown"/>
    <property name="java.library.path" value="/usr/java/packages/lib:/usr/lib/x86_64-linux-gnu/jni:/lib/x86_64-linux-gnu:/usr/lib/x86_64-linux-gnu:/usr/lib/jni:/lib:/usr/lib"/>
    <property name="java.vendor" value="Ubuntu"/>
    <property name="java.vm.info" value="mixed mode, sharing"/>
    <property name="java.vm.version" value="11.0.7+10-post-Ubuntu-2ubuntu218.04"/>
    <property name="sun.io.unicode.encoding" value="UnicodeLittle"/>
    <property name="java.class.version" value="55.0"/>
  </properties>
  <testcase name="testMdc_DiversosResultadoMaior1" classname="com.manoelcampos.tdd.MathUtilMdcTest" time="0"/>
  <testcase name="testMdc_P12_obtidoadoPrimo" classname="com.manoelcampos.tdd.MathUtilMdcTest" time="0"/>
  <testcase name="testMdc_obtidoadoIgual1" classname="com.manoelcampos.tdd.MathUtilMdcTest" time="0"/>
  <testcase name="testMdc_P3_Quando_A_Positivo" classname="com.manoelcampos.tdd.MathUtilMdcTest" time="0"/>
  <testcase name="testMdc_P3_Quando_A_Negativo" classname="com.manoelcampos.tdd.MathUtilMdcTest" time="0"/>
  <testcase name="testMdc_DiversosResultado1" classname="com.manoelcampos.tdd.MathUtilMdcTest" time="0"/>
  <testcase name="testMdcParaCasoGeral" classname="com.manoelcampos.tdd.MathUtilMdcTest" time="0"/>
  <testcase name="testMdc_P12_obtidoadoIgual1" classname="com.manoelcampos.tdd.MathUtilMdcTest" time="0.002"/>
  <testcase name="testMdc_P1_Quando_B_Positivo" classname="com.manoelcampos.tdd.MathUtilMdcTest" time="0.002"/>
  <testcase name="testMdc_P1_Quando_B_Negativo" classname="com.manoelcampos.tdd.MathUtilMdcTest" time="0.002"/>
  <testcase name="testMdc_P4" classname="com.manoelcampos.tdd.MathUtilMdcTest" time="0.005"/>
  <testcase name="testMdc_P5" classname="com.manoelcampos.tdd.MathUtilMdcTest" time="0.002"/>
  <testcase name="testMdc_P6" classname="com.manoelcampos.tdd.MathUtilMdcTest" time="0.001"/>
  <testcase name="testMdc_P7" classname="com.manoelcampos.tdd.MathUtilMdcTest" time="0.001"/>
  <testcase name="testMdc_P8" classname="com.manoelcampos.tdd.MathUtilMdcTest" time="0.001"/>
</testsuite>